The files belonging to this database system will be owned by user "postgres".

This user must also own the server process.


The database cluster will be initialized with locale "en_US.utf8".

The default database encoding has accordingly been set to "UTF8".

The default text search configuration will be set to "english".


Data page checksums are disabled.


fixing permissions on existing directory /var/lib/postgresql/data ... ok

creating subdirectories ... ok

selecting dynamic shared memory implementation ... posix

selecting default max_connections ... 100

selecting default shared_buffers ... 128MB

selecting default time zone ... UTC

creating configuration files ... ok

running bootstrap script ... ok

sh: locale: not found

2025-12-01 21:17:50.807 UTC [35] WARNING:  no usable system locales were found

performing post-bootstrap initialization ... ok

syncing data to disk ... ok



Success. You can now start the database server using:


    pg_ctl -D /var/lib/postgresql/data -l logfile start


initdb: warning: enabling "trust" authentication for local connections

initdb: hint: You can change this by editing pg_hba.conf or using the option -A, or --auth-local and --auth-host, the next time you run initdb.

waiting for server to start....2025-12-01 21:17:51.559 UTC [41] LOG:  starting PostgreSQL 16.11 on x86_64-pc-linux-musl, compiled by gcc (Alpine 14.2.0) 14.2.0, 64-bit

2025-12-01 21:17:51.561 UTC [41] LOG:  listening on Unix socket "/var/run/postgresql/.s.PGSQL.5432"

2025-12-01 21:17:51.568 UTC [44] LOG:  database system was shut down at 2025-12-01 21:17:51 UTC

2025-12-01 21:17:51.573 UTC [41] LOG:  database system is ready to accept connections

 done

server started


/usr/local/bin/docker-entrypoint.sh: running /docker-entrypoint-initdb.d/init-db.sh

/usr/local/bin/docker-entrypoint.sh: line 185: /docker-entrypoint-initdb.d/init-db.sh: cannot execute: required file not found